<?xml version="1.0" encoding="UTF-8"?>
<!-- Generated by org.testng.reporters.JUnitReportReporter -->
<testsuite hostname="ANITSARKERGAME" name="testNgPractice.testDataProvider" tests="1" failures="0" timestamp="20 Mar 2021 03:24:37 GMT" time="0.009" errors="0">
  <testcase name="functionTest1" time="0.009" classname="testNgPractice.testDataProvider"/>
</testsuite> <!-- testNgPractice.testDataProvider -->
