<?xml version="1.0" encoding="UTF-8"?>
<!-- Generated by org.testng.reporters.JUnitReportReporter -->
<testsuite name="SeleniumGridTest.GridTest" tests="4" time="19.967" ignored="0" failures="0" timestamp="27 May 2021 23:50:32 GMT" skipped="0" hostname="ANITSARKERGAME" errors="0">
  <testcase name="setUp" time="4.041" classname="SeleniumGridTest.GridTest"/>
  <testcase name="setUp1" time="4.015" classname="SeleniumGridTest.GridTest"/>
  <testcase name="setUp3" time="5.140" classname="SeleniumGridTest.GridTest"/>
  <testcase name="setUp2" time="6.771" classname="SeleniumGridTest.GridTest"/>
</testsuite> <!-- SeleniumGridTest.GridTest -->
